\BOOKMARK [0][]{chapter.1}{\376\377\173\054\116\000\172\340\000\040\145\160\122\006\221\315\211\201\124\175\230\230\116\016\176\323\213\272}{}% 1
\BOOKMARK [1][]{section.1.1}{\376\377\0001\000.\0001\000\040\121\340\116\052\137\210\147\011\165\050\166\204\116\015\173\111\137\017}{chapter.1}% 2
\BOOKMARK [1][]{section.1.2}{\376\377\0001\000.\0002\000\040\127\372\147\054\147\201\226\120}{chapter.1}% 3
\BOOKMARK [1][]{section.1.3}{\376\377\0001\000.\0003\000\040\116\044\116\052\154\102\122\006\137\017\145\160\122\027\147\201\226\120\166\204\147\100\142\333}{chapter.1}% 4
\BOOKMARK [1][]{section.1.4}{\376\377\0001\000.\0004\000\040\116\000\116\052\146\023\225\031\166\204\124\175\230\230}{chapter.1}% 5
\BOOKMARK [1][]{section.1.5}{\376\377\0001\000.\0005\000\040\116\011\211\322\121\375\145\160\166\204\154\102\124\214\176\323\213\272}{chapter.1}% 6
\BOOKMARK [1][]{section.1.6}{\376\377\0001\000.\0006\000\040\121\163\116\216\153\047\142\311\136\070\145\160}{chapter.1}% 7
\BOOKMARK [1][]{section.1.7}{\376\377\0001\000.\0007\000\040\145\160\122\027\220\022\143\250\166\204\116\044\116\052\221\315\211\201\124\175\230\230}{chapter.1}% 8
\BOOKMARK [1][]{section.1.8}{\376\377\0001\000.\0008\000\040\133\236\145\160\174\373\166\204\127\372\147\054\133\232\164\006}{chapter.1}% 9
\BOOKMARK [1][]{section.1.9}{\376\377\0001\000.\0009\000\040\145\160\122\027\166\204\116\012\116\013\147\201\226\120}{chapter.1}% 10
\BOOKMARK [1][]{section.1.10}{\376\377\0001\000.\0001\0000\000\040\145\160\122\006\116\055\166\204\123\314\146\362\121\375\145\160}{chapter.1}% 11
\BOOKMARK [1][]{section.1.11}{\376\377\0001\000.\0001\0001\000\040\154\102\147\201\226\120\145\366\123\330\221\317\146\377\143\142\166\204\226\167\226\061}{chapter.1}% 12
\BOOKMARK [1][]{section.1.12}{\376\377\0001\000.\0001\0002\000\040\121\375\145\160\225\364\166\204\153\324\217\203\121\163\174\373}{chapter.1}% 13
\BOOKMARK [1][]{section.1.13}{\376\377\0001\000.\0001\0003\000\040\173\111\116\367\221\317\166\204\146\377\143\142}{chapter.1}% 14
\BOOKMARK [1][]{section.1.14}{\376\377\0001\000.\0001\0004\000\040\137\122\176\323\123\237\122\031}{chapter.1}% 15
\BOOKMARK [1][]{section.1.15}{\376\377\0001\000.\0001\0005\000\040\217\336\176\355\121\375\145\160\127\372\170\100}{chapter.1}% 16
\BOOKMARK [1][]{section.1.16}{\376\377\0001\000.\0001\0006\000\040\225\355\123\072\225\364\116\012\217\336\176\355\121\375\145\160\166\204\140\047\215\050}{chapter.1}% 17
\BOOKMARK [1][]{section.1.17}{\376\377\0001\000.\0001\0007\000\040\121\375\145\160\166\204\116\000\201\364\145\066\145\133}{chapter.1}% 18
\BOOKMARK [1][]{section.1.18}{\376\377\0001\000.\0001\0008\000\040\227\007\144\274\166\204\123\315\117\213}{chapter.1}% 19
\BOOKMARK [1][]{section.1.19}{\376\377\0001\000.\0001\0009\000\040\123\237\121\375\145\160\116\016\133\374\121\375\145\160\166\204\131\107\120\166\140\047\116\016\124\150\147\037\140\047}{chapter.1}% 20
\BOOKMARK [1][]{section.1.20}{\376\377\0001\000.\0002\0000\000\040\116\130\171\357\166\204\232\330\226\066\133\374\121\375\145\160}{chapter.1}% 21
\BOOKMARK [1][]{section.1.21}{\376\377\0001\000.\0002\0001\000\040\116\011\131\047\137\256\122\006\116\055\120\074\133\232\164\006}{chapter.1}% 22
\BOOKMARK [1][]{section.1.22}{\376\377\0001\000.\0002\0002\000\040\121\375\145\160\147\201\226\120\166\204\147\100\142\333\377\032\155\033\137\305\217\276\154\325\122\031}{chapter.1}% 23
\BOOKMARK [1][]{section.1.23}{\376\377\0001\000.\0002\0003\000\040\154\360\122\322\121\154\137\017}{chapter.1}% 24
\BOOKMARK [1][]{section.1.24}{\376\377\0001\000.\0002\0004\000\040\121\370\140\047\166\204\133\232\116\111\116\016\140\047\215\050}{chapter.1}% 25
\BOOKMARK [1][]{section.1.25}{\376\377\0001\000.\0002\0005\000\040\116\044\174\173\212\171\150\356\116\015\173\111\137\017}{chapter.1}% 26
\BOOKMARK [1][]{section.1.26}{\376\377\0001\000.\0002\0006\000\040\147\201\120\074\160\271\166\204\122\044\133\232}{chapter.1}% 27
\BOOKMARK [1][]{section.1.27}{\376\377\0001\000.\0002\0007\000\040\123\315\121\375\145\160\166\204\171\330\133\306}{chapter.1}% 28
\BOOKMARK [1][]{section.1.28}{\376\377\0001\000.\0002\0008\000\040\123\357\137\256\140\047\060\001\217\336\176\355\140\047\116\016\123\072\225\364\166\204\156\012\156\220}{chapter.1}% 29
\BOOKMARK [1][]{section.1.29}{\376\377\0001\000.\0002\0009\000\040\165\050\117\134\176\323\213\272\166\204\221\315\211\201\116\015\133\232\171\357\122\006}{chapter.1}% 30
\BOOKMARK [0][]{chapter.2}{\376\377\173\054\116\214\172\340\000\040\232\330\116\343\221\315\211\201\124\175\230\230\116\016\176\323\213\272}{}% 31
\BOOKMARK [0][]{chapter.3}{\376\377\173\054\116\011\172\340\000\040\145\160\133\146\122\006\147\220\211\343\230\230\140\073\176\323}{}% 32
\BOOKMARK [0][]{chapter.4}{\376\377\173\054\126\333\172\340\000\040\232\330\173\111\116\343\145\160\211\343\230\230\140\073\176\323}{}% 33
\BOOKMARK [0][]{chapter.5}{\376\377\173\054\116\224\172\340\000\040\145\160\133\146\122\006\147\220\167\037\230\230\226\306}{}% 34
\BOOKMARK [0][]{chapter.6}{\376\377\173\054\121\155\172\340\000\040\232\330\173\111\116\343\145\160\167\037\230\230\226\306}{}% 35
