This is XeTeX, Version 3.141592653-2.6-0.999995 (MiKTeX 23.4) (preloaded format=xelatex 2023.6.4)  9 JUN 2023 10:51
entering extended mode
 restricted \write18 enabled.
 %&-line parsing enabled.
**./14.tex
(14.tex
LaTeX2e <2022-11-01> patch level 1
L3 programming layer <2023-03-30>
! Undefined control sequence.
l.1 \section
            {归结原则}
The control sequence at the end of the top line
of your error message was never \def'ed. If you have
misspelled it (e.g., `\hobx'), type `I' and the correct
spelling (e.g., `I\hbox'). Otherwise just continue,
and I'll forget about whatever was undefined.


! LaTeX Error: Missing \begin{document}.

See the LaTeX manual or LaTeX Companion for explanation.
Type  H <return>  for immediate help.
 ...                                              
                                                  
l.1 \section{归
              结原则}
You're in trouble here.  Try typing  <return>  to proceed.
If that doesn't work, type  X <return>  to quit.

Missing character: There is no 归 in font nullfont!
Missing character: There is no 结 in font nullfont!
Missing character: There is no 原 in font nullfont!
Missing character: There is no 则 in font nullfont!

Overfull \hbox (20.0pt too wide) in paragraph at lines 1--2
[] 
 []


! LaTeX Error: Environment theorem undefined.

See the LaTeX manual or LaTeX Companion for explanation.
Type  H <return>  for immediate help.
 ...                                              
                                                  
l.3 \begin{theorem}
                   [归结原则]
Your command was ignored.
Type  I <command> <return>  to replace it with another command,
or  <return>  to continue without it.


! LaTeX Error: Missing \begin{document}.

See the LaTeX manual or LaTeX Companion for explanation.
Type  H <return>  for immediate help.
 ...                                              
                                                  
l.3 \begin{theorem}[
                    归结原则]
You're in trouble here.  Try typing  <return>  to proceed.
If that doesn't work, type  X <return>  to quit.

Missing character: There is no [ in font nullfont!
Missing character: There is no 归 in font nullfont!
Missing character: There is no 结 in font nullfont!
Missing character: There is no 原 in font nullfont!
Missing character: There is no 则 in font nullfont!
Missing character: There is no ] in font nullfont!
Missing character: There is no 设 in font nullfont!
LaTeX Font Info:    External font `cmex10' loaded for size
(Font)              <7> on input line 4.
LaTeX Font Info:    External font `cmex10' loaded for size
(Font)              <5> on input line 4.
! Undefined control sequence.
l.4 ^^I设$a,A\in\mathbb
                      {R}$，存在极限$\displaystyle\lim_{x\to a}f(x)=A$的充要条件是：$\fo...
The control sequence at the end of the top line
of your error message was never \def'ed. If you have
misspelled it (e.g., `\hobx'), type `I' and the correct
spelling (e.g., `I\hbox'). Otherwise just continue,
and I'll forget about whatever was undefined.

Missing character: There is no ， in font nullfont!
Missing character: There is no 存 in font nullfont!
Missing character: There is no 在 in font nullfont!
Missing character: There is no 极 in font nullfont!
Missing character: There is no 限 in font nullfont!
Missing character: There is no 的 in font nullfont!
Missing character: There is no 充 in font nullfont!
Missing character: There is no 要 in font nullfont!
Missing character: There is no 条 in font nullfont!
Missing character: There is no 件 in font nullfont!
Missing character: There is no 是 in font nullfont!
Missing character: There is no ： in font nullfont!
Missing character: There is no 且 in font nullfont!
! Undefined control sequence.
l.4 ...infty}x_n=a)$且$x_n\neq a\forall n\in\mathbb
                                                  {N}$都有：
The control sequence at the end of the top line
of your error message was never \def'ed. If you have
misspelled it (e.g., `\hobx'), type `I' and the correct
spelling (e.g., `I\hbox'). Otherwise just continue,
and I'll forget about whatever was undefined.

Missing character: There is no 都 in font nullfont!
Missing character: There is no 有 in font nullfont!
Missing character: There is no ： in font nullfont!

Overfull \hbox (20.0pt too wide) in paragraph at lines 3--5
[]
 []


Overfull \hbox (26.67471pt too wide) in paragraph at lines 3--5
\OML/cmm/m/it/10 a; A \OMS/cmsy/m/n/10 2
 []


Overfull \hbox (56.20224pt too wide) in paragraph at lines 3--5
\OML/cmm/m/it/10 R$$[] f\OT1/cmr/m/n/10 (\OML/cmm/m/it/10 x\OT1/cmr/m/n/10 ) =
 []


Overfull \hbox (82.37167pt too wide) in paragraph at lines 3--5
\OML/cmm/m/it/10 A$$\OMS/cmsy/m/n/10 8f\OML/cmm/m/it/10 x[]\OMS/cmsy/m/n/10 g\O
T1/cmr/m/n/10 ([] \OML/cmm/m/it/10 x[] \OT1/cmr/m/n/10 =
 []


Overfull \hbox (30.8889pt too wide) in paragraph at lines 3--5
\OML/cmm/m/it/10 a\OT1/cmr/m/n/10 )$$\OML/cmm/m/it/10 x[] \OMS/cmsy/m/n/10 6\OT
1/cmr/m/n/10 =
 []


Overfull \hbox (26.28821pt too wide) in paragraph at lines 3--5
\OML/cmm/m/it/10 a\OMS/cmsy/m/n/10 8\OML/cmm/m/it/10 n \OMS/cmsy/m/n/10 2
 []


Overfull \hbox (9.12497pt too wide) in paragraph at lines 3--5
\OML/cmm/m/it/10 N$ 
 []


Overfull \hbox (71.07413pt too wide) detected at line 7
[] \OML/cmm/m/it/10 f\OT1/cmr/m/n/10 (\OML/cmm/m/it/10 x[]\OT1/cmr/m/n/10 ) = \
OML/cmm/m/it/10 A:
 []


! LaTeX Error: \begin{document} ended by \end{theorem}.

See the LaTeX manual or LaTeX Companion for explanation.
Type  H <return>  for immediate help.
 ...                                              
                                                  
l.8 \end{theorem}
                 
Your command was ignored.
Type  I <command> <return>  to replace it with another command,
or  <return>  to continue without it.

)
! Emergency stop.
<*> ./14.tex
            
*** (job aborted, no legal \end found)

 
Here is how much of TeX's memory you used:
 23 strings out of 411463
 408 string characters out of 5823895
 1842290 words of memory out of 5000000
 20356 multiletter control sequences out of 15000+600000
 512295 words of font info for 33 fonts, out of 8000000 for 9000
 1348 hyphenation exceptions out of 8191
 18i,3n,12p,183b,101s stack positions out of 10000i,1000n,20000p,200000b,200000s
No pages of output.
