This is XeTeX, Version 3.141592653-2.6-0.999995 (MiKTeX 23.4) (preloaded format=xelatex 2023.6.4)  8 JUN 2023 15:15
entering extended mode
 restricted \write18 enabled.
 %&-line parsing enabled.
**./9.tex
(9.tex
LaTeX2e <2022-11-01> patch level 1
L3 programming layer <2023-03-30>
! Undefined control sequence.
l.1 \section
            {压缩映射原理——递推数列的杀招}
The control sequence at the end of the top line
of your error message was never \def'ed. If you have
misspelled it (e.g., `\hobx'), type `I' and the correct
spelling (e.g., `I\hbox'). Otherwise just continue,
and I'll forget about whatever was undefined.


! LaTeX Error: Missing \begin{document}.

See the LaTeX manual or LaTeX Companion for explanation.
Type  H <return>  for immediate help.
 ...                                              
                                                  
l.1 \section{压
              缩映射原理——递推数列的杀招}
You're in trouble here.  Try typing  <return>  to proceed.
If that doesn't work, type  X <return>  to quit.

Missing character: There is no 压 in font nullfont!
Missing character: There is no 缩 in font nullfont!
Missing character: There is no 映 in font nullfont!
Missing character: There is no 射 in font nullfont!
Missing character: There is no 原 in font nullfont!
Missing character: There is no 理 in font nullfont!
Missing character: There is no — in font nullfont!
Missing character: There is no — in font nullfont!
Missing character: There is no 递 in font nullfont!
Missing character: There is no 推 in font nullfont!
Missing character: There is no 数 in font nullfont!
Missing character: There is no 列 in font nullfont!
Missing character: There is no 的 in font nullfont!
Missing character: There is no 杀 in font nullfont!
Missing character: There is no 招 in font nullfont!

Overfull \hbox (20.0pt too wide) in paragraph at lines 1--2
[] 
 []


! LaTeX Error: Environment definition undefined.

See the LaTeX manual or LaTeX Companion for explanation.
Type  H <return>  for immediate help.
 ...                                              
                                                  
l.3 \begin{definition}
                      [压缩映射]
Your command was ignored.
Type  I <command> <return>  to replace it with another command,
or  <return>  to continue without it.


! LaTeX Error: Missing \begin{document}.

See the LaTeX manual or LaTeX Companion for explanation.
Type  H <return>  for immediate help.
 ...                                              
                                                  
l.3 \begin{definition}[
                       压缩映射]
You're in trouble here.  Try typing  <return>  to proceed.
If that doesn't work, type  X <return>  to quit.

Missing character: There is no [ in font nullfont!
Missing character: There is no 压 in font nullfont!
Missing character: There is no 缩 in font nullfont!
Missing character: There is no 映 in font nullfont!
Missing character: There is no 射 in font nullfont!
Missing character: There is no ] in font nullfont!

Overfull \hbox (20.0pt too wide) in paragraph at lines 3--4
[] 
 []


! LaTeX Error: \begin{document} ended by \end{definition}.

See the LaTeX manual or LaTeX Companion for explanation.
Type  H <return>  for immediate help.
 ...                                              
                                                  
l.5 \end{definition}
                    
Your command was ignored.
Type  I <command> <return>  to replace it with another command,
or  <return>  to continue without it.

)
! Emergency stop.
<*> ./9.tex
           
*** (job aborted, no legal \end found)

 
Here is how much of TeX's memory you used:
 17 strings out of 411463
 287 string characters out of 5823895
 1842290 words of memory out of 5000000
 20352 multiletter control sequences out of 15000+600000
 512287 words of font info for 32 fonts, out of 8000000 for 9000
 1348 hyphenation exceptions out of 8191
 12i,0n,12p,65b,21s stack positions out of 10000i,1000n,20000p,200000b,200000s
No pages of output.
